2026-02-09 15:16:01 | INFO | P05 | === RUN START ===
2026-02-09 15:16:01 | INFO | P05 | project=P05 Pipeline Example (DuckDB)
2026-02-09 15:16:01 | INFO | P05 | repo_dir=datafun-05-sql
2026-02-09 15:16:01 | INFO | P05 | python=3.14.2
2026-02-09 15:16:01 | INFO | P05 | os=Windows 11
2026-02-09 15:16:01 | INFO | P05 | shell=powershell
2026-02-09 15:16:01 | INFO | P05 | cwd=.
2026-02-09 15:16:01 | INFO | P05 | github_actions=False
2026-02-09 15:16:01 | INFO | P05 | START main()
2026-02-09 15:16:01 | INFO | P05 | ROOT_DIR: C:\Users\jayst\Repos\datafun-05-sql
2026-02-09 15:16:01 | INFO | P05 | DATA_DIR: C:\Users\jayst\Repos\datafun-05-sql\data\retail
2026-02-09 15:16:01 | INFO | P05 | SQL_DIR: C:\Users\jayst\Repos\datafun-05-sql\sql\duckdb
2026-02-09 15:16:01 | INFO | P05 | DB_PATH: C:\Users\jayst\Repos\datafun-05-sql\artifacts\duckdb\retail.duckdb
2026-02-09 15:16:01 | INFO | P05 | RUN SQL script: C:\Users\jayst\Repos\datafun-05-sql\sql\duckdb\case_retail_clean.sql
2026-02-09 15:16:01 | INFO | P05 | DONE SQL script: C:\Users\jayst\Repos\datafun-05-sql\sql\duckdb\case_retail_clean.sql
2026-02-09 15:16:01 | INFO | P05 | RUN SQL script: C:\Users\jayst\Repos\datafun-05-sql\sql\duckdb\case_retail_bootstrap.sql
2026-02-09 15:16:01 | INFO | P05 | DONE SQL script: C:\Users\jayst\Repos\datafun-05-sql\sql\duckdb\case_retail_bootstrap.sql
2026-02-09 15:16:01 | INFO | P05 | 
2026-02-09 15:16:01 | INFO | P05 | RUN SQL query: C:\Users\jayst\Repos\datafun-05-sql\sql\duckdb\case_retail_query_store_count.sql
2026-02-09 15:16:01 | INFO | P05 | ====================================
2026-02-09 15:16:01 | INFO | P05 | case_retail_query_store_count.sql
2026-02-09 15:16:01 | INFO | P05 | ====================================
2026-02-09 15:16:01 | INFO | P05 | store_count
2026-02-09 15:16:01 | INFO | P05 | 3
2026-02-09 15:16:01 | INFO | P05 | 
2026-02-09 15:16:01 | INFO | P05 | RUN SQL query: C:\Users\jayst\Repos\datafun-05-sql\sql\duckdb\case_retail_query_sales_count.sql
2026-02-09 15:16:01 | INFO | P05 | ====================================
2026-02-09 15:16:01 | INFO | P05 | case_retail_query_sales_count.sql
2026-02-09 15:16:01 | INFO | P05 | ====================================
2026-02-09 15:16:01 | INFO | P05 | sale_count
2026-02-09 15:16:01 | INFO | P05 | 5
2026-02-09 15:16:01 | INFO | P05 | 
2026-02-09 15:16:01 | INFO | P05 | RUN SQL query: C:\Users\jayst\Repos\datafun-05-sql\sql\duckdb\case_retail_query_sales_aggregate.sql
2026-02-09 15:16:01 | INFO | P05 | ====================================
2026-02-09 15:16:01 | INFO | P05 | case_retail_query_sales_aggregate.sql
2026-02-09 15:16:01 | INFO | P05 | ====================================
2026-02-09 15:16:01 | INFO | P05 | sale_count, total_revenue, avg_sale_amount
2026-02-09 15:16:01 | INFO | P05 | 5, 505.0, 101.0
2026-02-09 15:16:01 | INFO | P05 | 
2026-02-09 15:16:01 | INFO | P05 | RUN SQL query: C:\Users\jayst\Repos\datafun-05-sql\sql\duckdb\case_retail_query_sales_by_category.sql
2026-02-09 15:16:01 | INFO | P05 | ====================================
2026-02-09 15:16:01 | INFO | P05 | case_retail_query_sales_by_category.sql
2026-02-09 15:16:01 | INFO | P05 | ====================================
2026-02-09 15:16:01 | INFO | P05 | product_category, sale_count, total_revenue, avg_sale_amount
2026-02-09 15:16:01 | INFO | P05 | Outdoors, 1, 250.0, 250.0
2026-02-09 15:16:01 | INFO | P05 | Clothing, 2, 180.0, 90.0
2026-02-09 15:16:01 | INFO | P05 | Food, 2, 75.0, 37.5
2026-02-09 15:16:01 | INFO | P05 | 
2026-02-09 15:16:01 | INFO | P05 | RUN SQL query: C:\Users\jayst\Repos\datafun-05-sql\sql\duckdb\case_retail_query_kpi_revenue.sql
2026-02-09 15:16:01 | INFO | P05 | ====================================
2026-02-09 15:16:01 | INFO | P05 | case_retail_query_kpi_revenue.sql
2026-02-09 15:16:01 | INFO | P05 | ====================================
2026-02-09 15:16:01 | INFO | P05 | store_id, store_name, city, region, sale_count, total_revenue, avg_sale_amount
2026-02-09 15:16:01 | INFO | P05 | S002, Lakeside Shop, Ely, North, 2, 280.0, 140.0
2026-02-09 15:16:01 | INFO | P05 | S001, North Market, Duluth, North, 2, 165.0, 82.5
2026-02-09 15:16:01 | INFO | P05 | S003, Central Plaza, Mankato, South, 1, 60.0, 60.0
2026-02-09 15:16:01 | INFO | P05 | END main()
2026-02-09 15:22:08 | INFO | P05 | === RUN START ===
2026-02-09 15:22:08 | INFO | P05 | project=P05 Pipeline Example (DuckDB)
2026-02-09 15:22:08 | INFO | P05 | repo_dir=datafun-05-sql
2026-02-09 15:22:08 | INFO | P05 | python=3.14.2
2026-02-09 15:22:08 | INFO | P05 | os=Windows 11
2026-02-09 15:22:08 | INFO | P05 | shell=powershell
2026-02-09 15:22:08 | INFO | P05 | cwd=.
2026-02-09 15:22:08 | INFO | P05 | github_actions=False
2026-02-09 15:22:08 | INFO | P05 | START main()
2026-02-09 15:22:08 | INFO | P05 | ROOT_DIR: C:\Users\jayst\Repos\datafun-05-sql
2026-02-09 15:22:08 | INFO | P05 | DATA_DIR: C:\Users\jayst\Repos\datafun-05-sql\data\retail
2026-02-09 15:22:08 | INFO | P05 | SQL_DIR: C:\Users\jayst\Repos\datafun-05-sql\sql\duckdb
2026-02-09 15:22:08 | INFO | P05 | DB_PATH: C:\Users\jayst\Repos\datafun-05-sql\artifacts\duckdb\retail.duckdb
2026-02-09 15:22:08 | INFO | P05 | RUN SQL script: C:\Users\jayst\Repos\datafun-05-sql\sql\duckdb\case_retail_clean.sql
2026-02-09 15:22:08 | INFO | P05 | DONE SQL script: C:\Users\jayst\Repos\datafun-05-sql\sql\duckdb\case_retail_clean.sql
2026-02-09 15:22:08 | INFO | P05 | RUN SQL script: C:\Users\jayst\Repos\datafun-05-sql\sql\duckdb\case_retail_bootstrap.sql
2026-02-09 15:22:08 | INFO | P05 | DONE SQL script: C:\Users\jayst\Repos\datafun-05-sql\sql\duckdb\case_retail_bootstrap.sql
2026-02-09 15:22:08 | INFO | P05 | 
2026-02-09 15:22:08 | INFO | P05 | RUN SQL query: C:\Users\jayst\Repos\datafun-05-sql\sql\duckdb\case_retail_query_store_count.sql
2026-02-09 15:22:08 | INFO | P05 | ====================================
2026-02-09 15:22:08 | INFO | P05 | case_retail_query_store_count.sql
2026-02-09 15:22:08 | INFO | P05 | ====================================
2026-02-09 15:22:08 | INFO | P05 | store_count
2026-02-09 15:22:08 | INFO | P05 | 3
2026-02-09 15:22:08 | INFO | P05 | 
2026-02-09 15:22:08 | INFO | P05 | RUN SQL query: C:\Users\jayst\Repos\datafun-05-sql\sql\duckdb\case_retail_query_sales_count.sql
2026-02-09 15:22:08 | INFO | P05 | ====================================
2026-02-09 15:22:08 | INFO | P05 | case_retail_query_sales_count.sql
2026-02-09 15:22:08 | INFO | P05 | ====================================
2026-02-09 15:22:08 | INFO | P05 | sale_count
2026-02-09 15:22:08 | INFO | P05 | 5
2026-02-09 15:22:08 | INFO | P05 | 
2026-02-09 15:22:08 | INFO | P05 | RUN SQL query: C:\Users\jayst\Repos\datafun-05-sql\sql\duckdb\case_retail_query_sales_aggregate.sql
2026-02-09 15:22:08 | INFO | P05 | ====================================
2026-02-09 15:22:08 | INFO | P05 | case_retail_query_sales_aggregate.sql
2026-02-09 15:22:08 | INFO | P05 | ====================================
2026-02-09 15:22:08 | INFO | P05 | sale_count, total_revenue, avg_sale_amount
2026-02-09 15:22:08 | INFO | P05 | 5, 505.0, 101.0
2026-02-09 15:22:08 | INFO | P05 | 
2026-02-09 15:22:08 | INFO | P05 | RUN SQL query: C:\Users\jayst\Repos\datafun-05-sql\sql\duckdb\case_retail_query_sales_by_category.sql
2026-02-09 15:22:08 | INFO | P05 | ====================================
2026-02-09 15:22:08 | INFO | P05 | case_retail_query_sales_by_category.sql
2026-02-09 15:22:08 | INFO | P05 | ====================================
2026-02-09 15:22:08 | INFO | P05 | product_category, sale_count, total_revenue, avg_sale_amount
2026-02-09 15:22:08 | INFO | P05 | Outdoors, 1, 250.0, 250.0
2026-02-09 15:22:08 | INFO | P05 | Clothing, 2, 180.0, 90.0
2026-02-09 15:22:08 | INFO | P05 | Food, 2, 75.0, 37.5
2026-02-09 15:22:08 | INFO | P05 | 
2026-02-09 15:22:08 | INFO | P05 | RUN SQL query: C:\Users\jayst\Repos\datafun-05-sql\sql\duckdb\case_retail_query_kpi_revenue.sql
2026-02-09 15:22:08 | INFO | P05 | ====================================
2026-02-09 15:22:08 | INFO | P05 | case_retail_query_kpi_revenue.sql
2026-02-09 15:22:08 | INFO | P05 | ====================================
2026-02-09 15:22:08 | INFO | P05 | store_id, store_name, city, region, sale_count, total_revenue, avg_sale_amount
2026-02-09 15:22:08 | INFO | P05 | S002, Lakeside Shop, Ely, North, 2, 280.0, 140.0
2026-02-09 15:22:08 | INFO | P05 | S001, North Market, Duluth, North, 2, 165.0, 82.5
2026-02-09 15:22:08 | INFO | P05 | S003, Central Plaza, Mankato, South, 1, 60.0, 60.0
2026-02-09 15:22:08 | INFO | P05 | END main()
2026-02-10 20:25:48 | INFO | P05 | === RUN START ===
2026-02-10 20:25:48 | INFO | P05 | project=P05 Pipeline Example (DuckDB)
2026-02-10 20:25:48 | INFO | P05 | repo_dir=datafun-05-sql
2026-02-10 20:25:48 | INFO | P05 | python=3.14.2
2026-02-10 20:25:48 | INFO | P05 | os=Windows 11
2026-02-10 20:25:48 | INFO | P05 | shell=powershell
2026-02-10 20:25:48 | INFO | P05 | cwd=.
2026-02-10 20:25:48 | INFO | P05 | github_actions=False
2026-02-10 20:25:48 | INFO | P05 | START main()
2026-02-10 20:25:48 | INFO | P05 | ROOT_DIR: C:\Users\jayst\Repos\datafun-05-sql
2026-02-10 20:25:48 | INFO | P05 | DATA_DIR: C:\Users\jayst\Repos\datafun-05-sql\data\retail
2026-02-10 20:25:48 | INFO | P05 | SQL_DIR: C:\Users\jayst\Repos\datafun-05-sql\sql\duckdb
2026-02-10 20:25:48 | INFO | P05 | DB_PATH: C:\Users\jayst\Repos\datafun-05-sql\artifacts\duckdb\retail.duckdb
2026-02-10 20:25:48 | INFO | P05 | RUN SQL script: C:\Users\jayst\Repos\datafun-05-sql\sql\duckdb\case_retail_clean.sql
2026-02-10 20:25:48 | INFO | P05 | DONE SQL script: C:\Users\jayst\Repos\datafun-05-sql\sql\duckdb\case_retail_clean.sql
2026-02-10 20:25:48 | INFO | P05 | RUN SQL script: C:\Users\jayst\Repos\datafun-05-sql\sql\duckdb\case_retail_bootstrap.sql
2026-02-10 20:25:48 | INFO | P05 | DONE SQL script: C:\Users\jayst\Repos\datafun-05-sql\sql\duckdb\case_retail_bootstrap.sql
2026-02-10 20:25:48 | INFO | P05 | 
2026-02-10 20:25:48 | INFO | P05 | RUN SQL query: C:\Users\jayst\Repos\datafun-05-sql\sql\duckdb\case_retail_query_store_count.sql
2026-02-10 20:25:48 | INFO | P05 | ====================================
2026-02-10 20:25:48 | INFO | P05 | case_retail_query_store_count.sql
2026-02-10 20:25:48 | INFO | P05 | ====================================
2026-02-10 20:25:48 | INFO | P05 | store_count
2026-02-10 20:25:48 | INFO | P05 | 3
2026-02-10 20:25:48 | INFO | P05 | 
2026-02-10 20:25:48 | INFO | P05 | RUN SQL query: C:\Users\jayst\Repos\datafun-05-sql\sql\duckdb\case_retail_query_sales_count.sql
2026-02-10 20:25:48 | INFO | P05 | ====================================
2026-02-10 20:25:48 | INFO | P05 | case_retail_query_sales_count.sql
2026-02-10 20:25:48 | INFO | P05 | ====================================
2026-02-10 20:25:48 | INFO | P05 | sale_count
2026-02-10 20:25:48 | INFO | P05 | 5
2026-02-10 20:25:48 | INFO | P05 | 
2026-02-10 20:25:48 | INFO | P05 | RUN SQL query: C:\Users\jayst\Repos\datafun-05-sql\sql\duckdb\case_retail_query_sales_aggregate.sql
2026-02-10 20:25:48 | INFO | P05 | ====================================
2026-02-10 20:25:48 | INFO | P05 | case_retail_query_sales_aggregate.sql
2026-02-10 20:25:48 | INFO | P05 | ====================================
2026-02-10 20:25:48 | INFO | P05 | sale_count, total_revenue, avg_sale_amount
2026-02-10 20:25:48 | INFO | P05 | 5, 505.0, 101.0
2026-02-10 20:25:48 | INFO | P05 | 
2026-02-10 20:25:48 | INFO | P05 | RUN SQL query: C:\Users\jayst\Repos\datafun-05-sql\sql\duckdb\case_retail_query_sales_by_category.sql
2026-02-10 20:25:48 | INFO | P05 | ====================================
2026-02-10 20:25:48 | INFO | P05 | case_retail_query_sales_by_category.sql
2026-02-10 20:25:48 | INFO | P05 | ====================================
2026-02-10 20:25:48 | INFO | P05 | product_category, sale_count, total_revenue, avg_sale_amount
2026-02-10 20:25:48 | INFO | P05 | Outdoors, 1, 250.0, 250.0
2026-02-10 20:25:48 | INFO | P05 | Clothing, 2, 180.0, 90.0
2026-02-10 20:25:48 | INFO | P05 | Food, 2, 75.0, 37.5
2026-02-10 20:25:48 | INFO | P05 | 
2026-02-10 20:25:48 | INFO | P05 | RUN SQL query: C:\Users\jayst\Repos\datafun-05-sql\sql\duckdb\case_retail_query_kpi_revenue.sql
2026-02-10 20:25:48 | INFO | P05 | ====================================
2026-02-10 20:25:48 | INFO | P05 | case_retail_query_kpi_revenue.sql
2026-02-10 20:25:48 | INFO | P05 | ====================================
2026-02-10 20:25:48 | INFO | P05 | store_id, store_name, city, region, sale_count, total_revenue, avg_sale_amount
2026-02-10 20:25:48 | INFO | P05 | S002, Lakeside Shop, Ely, North, 2, 280.0, 140.0
2026-02-10 20:25:48 | INFO | P05 | S001, North Market, Duluth, North, 2, 165.0, 82.5
2026-02-10 20:25:48 | INFO | P05 | S003, Central Plaza, Mankato, South, 1, 60.0, 60.0
2026-02-10 20:25:48 | INFO | P05 | END main()
2026-02-13 20:26:08 | INFO | P05 | === RUN START ===
2026-02-13 20:26:08 | INFO | P05 | project=P05 Pipeline Example (DuckDB)
2026-02-13 20:26:08 | INFO | P05 | repo_dir=datafun-05-sql
2026-02-13 20:26:08 | INFO | P05 | python=3.14.2
2026-02-13 20:26:09 | INFO | P05 | os=Windows 11
2026-02-13 20:26:09 | INFO | P05 | shell=powershell
2026-02-13 20:26:09 | INFO | P05 | cwd=.
2026-02-13 20:26:09 | INFO | P05 | github_actions=False
2026-02-13 20:26:09 | INFO | P05 | START main()
2026-02-13 20:26:09 | INFO | P05 | ROOT_DIR: C:\Users\jayst\Repos\datafun-05-sql
2026-02-13 20:26:09 | INFO | P05 | DATA_DIR: C:\Users\jayst\Repos\datafun-05-sql\data\retail
2026-02-13 20:26:09 | INFO | P05 | SQL_DIR: C:\Users\jayst\Repos\datafun-05-sql\sql\duckdb
2026-02-13 20:26:09 | INFO | P05 | DB_PATH: C:\Users\jayst\Repos\datafun-05-sql\artifacts\duckdb\retail.duckdb
2026-02-13 20:26:09 | INFO | P05 | RUN SQL script: C:\Users\jayst\Repos\datafun-05-sql\sql\duckdb\case_retail_clean.sql
2026-02-13 20:26:09 | INFO | P05 | DONE SQL script: C:\Users\jayst\Repos\datafun-05-sql\sql\duckdb\case_retail_clean.sql
2026-02-13 20:26:09 | INFO | P05 | RUN SQL script: C:\Users\jayst\Repos\datafun-05-sql\sql\duckdb\case_retail_bootstrap.sql
2026-02-13 20:26:09 | INFO | P05 | DONE SQL script: C:\Users\jayst\Repos\datafun-05-sql\sql\duckdb\case_retail_bootstrap.sql
2026-02-13 20:26:09 | INFO | P05 | 
2026-02-13 20:26:09 | INFO | P05 | RUN SQL query: C:\Users\jayst\Repos\datafun-05-sql\sql\duckdb\case_retail_query_store_count.sql
2026-02-13 20:26:09 | INFO | P05 | ====================================
2026-02-13 20:26:09 | INFO | P05 | case_retail_query_store_count.sql
2026-02-13 20:26:09 | INFO | P05 | ====================================
2026-02-13 20:26:09 | INFO | P05 | store_count
2026-02-13 20:26:09 | INFO | P05 | 3
2026-02-13 20:26:09 | INFO | P05 | 
2026-02-13 20:26:09 | INFO | P05 | RUN SQL query: C:\Users\jayst\Repos\datafun-05-sql\sql\duckdb\case_retail_query_sales_count.sql
2026-02-13 20:26:09 | INFO | P05 | ====================================
2026-02-13 20:26:09 | INFO | P05 | case_retail_query_sales_count.sql
2026-02-13 20:26:09 | INFO | P05 | ====================================
2026-02-13 20:26:09 | INFO | P05 | sale_count
2026-02-13 20:26:09 | INFO | P05 | 5
2026-02-13 20:26:09 | INFO | P05 | 
2026-02-13 20:26:09 | INFO | P05 | RUN SQL query: C:\Users\jayst\Repos\datafun-05-sql\sql\duckdb\case_retail_query_sales_aggregate.sql
2026-02-13 20:26:09 | INFO | P05 | ====================================
2026-02-13 20:26:09 | INFO | P05 | case_retail_query_sales_aggregate.sql
2026-02-13 20:26:09 | INFO | P05 | ====================================
2026-02-13 20:26:09 | INFO | P05 | sale_count, total_revenue, avg_sale_amount
2026-02-13 20:26:09 | INFO | P05 | 5, 505.0, 101.0
2026-02-13 20:26:09 | INFO | P05 | 
2026-02-13 20:26:09 | INFO | P05 | RUN SQL query: C:\Users\jayst\Repos\datafun-05-sql\sql\duckdb\case_retail_query_sales_by_category.sql
2026-02-13 20:26:09 | INFO | P05 | ====================================
2026-02-13 20:26:09 | INFO | P05 | case_retail_query_sales_by_category.sql
2026-02-13 20:26:09 | INFO | P05 | ====================================
2026-02-13 20:26:09 | INFO | P05 | product_category, sale_count, total_revenue, avg_sale_amount
2026-02-13 20:26:09 | INFO | P05 | Outdoors, 1, 250.0, 250.0
2026-02-13 20:26:09 | INFO | P05 | Clothing, 2, 180.0, 90.0
2026-02-13 20:26:09 | INFO | P05 | Food, 2, 75.0, 37.5
2026-02-13 20:26:09 | INFO | P05 | 
2026-02-13 20:26:09 | INFO | P05 | RUN SQL query: C:\Users\jayst\Repos\datafun-05-sql\sql\duckdb\case_retail_query_kpi_revenue.sql
2026-02-13 20:26:09 | INFO | P05 | ====================================
2026-02-13 20:26:09 | INFO | P05 | case_retail_query_kpi_revenue.sql
2026-02-13 20:26:09 | INFO | P05 | ====================================
2026-02-13 20:26:09 | INFO | P05 | store_id, store_name, city, region, sale_count, total_revenue, avg_sale_amount
2026-02-13 20:26:09 | INFO | P05 | S002, Lakeside Shop, Ely, North, 2, 280.0, 140.0
2026-02-13 20:26:09 | INFO | P05 | S001, North Market, Duluth, North, 2, 165.0, 82.5
2026-02-13 20:26:09 | INFO | P05 | S003, Central Plaza, Mankato, South, 1, 60.0, 60.0
2026-02-13 20:26:09 | INFO | P05 | END main()
2026-02-13 20:27:48 | INFO | P05 | === RUN START ===
2026-02-13 20:27:48 | INFO | P05 | project=P05 Pipeline Example (SQLite)
2026-02-13 20:27:48 | INFO | P05 | repo_dir=datafun-05-sql
2026-02-13 20:27:48 | INFO | P05 | python=3.14.2
2026-02-13 20:27:48 | INFO | P05 | os=Windows 11
2026-02-13 20:27:48 | INFO | P05 | shell=powershell
2026-02-13 20:27:48 | INFO | P05 | cwd=.
2026-02-13 20:27:48 | INFO | P05 | github_actions=False
2026-02-13 20:27:48 | INFO | P05 | START main()
2026-02-13 20:27:48 | INFO | P05 | ROOT_DIR: C:\Users\jayst\Repos\datafun-05-sql
2026-02-13 20:27:48 | INFO | P05 | DATA_DIR: C:\Users\jayst\Repos\datafun-05-sql\data\retail
2026-02-13 20:27:48 | INFO | P05 | SQL_DIR: C:\Users\jayst\Repos\datafun-05-sql\sql\sqlite
2026-02-13 20:27:48 | INFO | P05 | DB_PATH: C:\Users\jayst\Repos\datafun-05-sql\artifacts\sqlite\retail.sqlite
2026-02-13 20:27:48 | INFO | P05 | RUN SQL script: C:\Users\jayst\Repos\datafun-05-sql\sql\sqlite\case_retail_clean.sql
2026-02-13 20:27:48 | INFO | P05 | DONE SQL script: C:\Users\jayst\Repos\datafun-05-sql\sql\sqlite\case_retail_clean.sql
2026-02-13 20:27:48 | INFO | P05 | RUN SQL script: C:\Users\jayst\Repos\datafun-05-sql\sql\sqlite\case_retail_bootstrap.sql
2026-02-13 20:27:48 | INFO | P05 | DONE SQL script: C:\Users\jayst\Repos\datafun-05-sql\sql\sqlite\case_retail_bootstrap.sql
2026-02-13 20:27:48 | INFO | P05 | LOAD CSV -> table store: C:\Users\jayst\Repos\datafun-05-sql\data\retail\store.csv
2026-02-13 20:27:48 | INFO | P05 | DONE loading store rows: 3
2026-02-13 20:27:48 | INFO | P05 | LOAD CSV -> table sale: C:\Users\jayst\Repos\datafun-05-sql\data\retail\sale.csv
2026-02-13 20:27:48 | INFO | P05 | DONE loading sale rows: 5
2026-02-13 20:27:48 | INFO | P05 | COMMIT: data load complete
2026-02-13 20:27:48 | INFO | P05 | 
2026-02-13 20:27:48 | INFO | P05 | RUN SQL query: C:\Users\jayst\Repos\datafun-05-sql\sql\sqlite\case_retail_query_store_count.sql
2026-02-13 20:27:48 | INFO | P05 | ====================================
2026-02-13 20:27:48 | INFO | P05 | case_retail_query_store_count.sql
2026-02-13 20:27:48 | INFO | P05 | ====================================
2026-02-13 20:27:48 | INFO | P05 | store_count
2026-02-13 20:27:48 | INFO | P05 | 3
2026-02-13 20:27:48 | INFO | P05 | 
2026-02-13 20:27:48 | INFO | P05 | RUN SQL query: C:\Users\jayst\Repos\datafun-05-sql\sql\sqlite\case_retail_query_sales_count.sql
2026-02-13 20:27:48 | INFO | P05 | ====================================
2026-02-13 20:27:48 | INFO | P05 | case_retail_query_sales_count.sql
2026-02-13 20:27:48 | INFO | P05 | ====================================
2026-02-13 20:27:48 | INFO | P05 | sale_count
2026-02-13 20:27:48 | INFO | P05 | 5
2026-02-13 20:27:48 | INFO | P05 | 
2026-02-13 20:27:48 | INFO | P05 | RUN SQL query: C:\Users\jayst\Repos\datafun-05-sql\sql\sqlite\case_retail_query_sales_aggregate.sql
2026-02-13 20:27:48 | INFO | P05 | ====================================
2026-02-13 20:27:48 | INFO | P05 | case_retail_query_sales_aggregate.sql
2026-02-13 20:27:48 | INFO | P05 | ====================================
2026-02-13 20:27:48 | INFO | P05 | sale_count, total_revenue, avg_sale_amount
2026-02-13 20:27:48 | INFO | P05 | 5, 505.0, 101.0
2026-02-13 20:27:48 | INFO | P05 | 
2026-02-13 20:27:48 | INFO | P05 | RUN SQL query: C:\Users\jayst\Repos\datafun-05-sql\sql\sqlite\case_retail_query_sales_by_category.sql
2026-02-13 20:27:48 | INFO | P05 | ====================================
2026-02-13 20:27:48 | INFO | P05 | case_retail_query_sales_by_category.sql
2026-02-13 20:27:48 | INFO | P05 | ====================================
2026-02-13 20:27:48 | INFO | P05 | product_category, sale_count, total_revenue, avg_sale_amount
2026-02-13 20:27:48 | INFO | P05 | Outdoors, 1, 250.0, 250.0
2026-02-13 20:27:48 | INFO | P05 | Clothing, 2, 180.0, 90.0
2026-02-13 20:27:48 | INFO | P05 | Food, 2, 75.0, 37.5
2026-02-13 20:27:48 | INFO | P05 | 
2026-02-13 20:27:48 | INFO | P05 | RUN SQL query: C:\Users\jayst\Repos\datafun-05-sql\sql\sqlite\case_retail_query_kpi_revenue.sql
2026-02-13 20:27:48 | INFO | P05 | ====================================
2026-02-13 20:27:48 | INFO | P05 | case_retail_query_kpi_revenue.sql
2026-02-13 20:27:48 | INFO | P05 | ====================================
2026-02-13 20:27:48 | INFO | P05 | store_id, store_name, city, region, sale_count, total_revenue, avg_sale_amount
2026-02-13 20:27:48 | INFO | P05 | S002, Lakeside Shop, Ely, North, 2, 280.0, 140.0
2026-02-13 20:27:48 | INFO | P05 | S001, North Market, Duluth, North, 2, 165.0, 82.5
2026-02-13 20:27:48 | INFO | P05 | S003, Central Plaza, Mankato, South, 1, 60.0, 60.0
2026-02-13 20:27:48 | INFO | P05 | END main()
2026-02-13 20:27:48 | INFO | P05 | === RUN START ===
2026-02-13 20:27:48 | INFO | P05 | project=P05 Pipeline Example (SQLite)
2026-02-13 20:27:48 | INFO | P05 | repo_dir=datafun-05-sql
2026-02-13 20:27:48 | INFO | P05 | python=3.14.2
2026-02-13 20:27:48 | INFO | P05 | os=Windows 11
2026-02-13 20:27:48 | INFO | P05 | shell=powershell
2026-02-13 20:27:48 | INFO | P05 | cwd=.
2026-02-13 20:27:48 | INFO | P05 | github_actions=False
2026-02-13 20:27:48 | INFO | P05 | START main()
2026-02-13 20:27:48 | INFO | P05 | ROOT_DIR: C:\Users\jayst\Repos\datafun-05-sql
2026-02-13 20:27:48 | INFO | P05 | DATA_DIR: C:\Users\jayst\Repos\datafun-05-sql\data\retail
2026-02-13 20:27:48 | INFO | P05 | SQL_DIR: C:\Users\jayst\Repos\datafun-05-sql\sql\sqlite
2026-02-13 20:27:48 | INFO | P05 | DB_PATH: C:\Users\jayst\Repos\datafun-05-sql\artifacts\sqlite\retail.sqlite
2026-02-13 20:27:48 | INFO | P05 | RUN SQL script: C:\Users\jayst\Repos\datafun-05-sql\sql\sqlite\case_retail_clean.sql
2026-02-13 20:27:48 | INFO | P05 | DONE SQL script: C:\Users\jayst\Repos\datafun-05-sql\sql\sqlite\case_retail_clean.sql
2026-02-13 20:27:48 | INFO | P05 | RUN SQL script: C:\Users\jayst\Repos\datafun-05-sql\sql\sqlite\case_retail_bootstrap.sql
2026-02-13 20:27:48 | INFO | P05 | DONE SQL script: C:\Users\jayst\Repos\datafun-05-sql\sql\sqlite\case_retail_bootstrap.sql
2026-02-13 20:27:48 | INFO | P05 | LOAD CSV -> table store: C:\Users\jayst\Repos\datafun-05-sql\data\retail\store.csv
2026-02-13 20:27:48 | INFO | P05 | DONE loading store rows: 3
2026-02-13 20:27:48 | INFO | P05 | LOAD CSV -> table sale: C:\Users\jayst\Repos\datafun-05-sql\data\retail\sale.csv
2026-02-13 20:27:48 | INFO | P05 | DONE loading sale rows: 5
2026-02-13 20:27:48 | INFO | P05 | COMMIT: data load complete
2026-02-13 20:27:48 | INFO | P05 | 
2026-02-13 20:27:48 | INFO | P05 | RUN SQL query: C:\Users\jayst\Repos\datafun-05-sql\sql\sqlite\case_retail_query_store_count.sql
2026-02-13 20:27:48 | INFO | P05 | ====================================
2026-02-13 20:27:48 | INFO | P05 | case_retail_query_store_count.sql
2026-02-13 20:27:48 | INFO | P05 | ====================================
2026-02-13 20:27:48 | INFO | P05 | store_count
2026-02-13 20:27:48 | INFO | P05 | 3
2026-02-13 20:27:48 | INFO | P05 | 
2026-02-13 20:27:48 | INFO | P05 | RUN SQL query: C:\Users\jayst\Repos\datafun-05-sql\sql\sqlite\case_retail_query_sales_count.sql
2026-02-13 20:27:48 | INFO | P05 | ====================================
2026-02-13 20:27:48 | INFO | P05 | case_retail_query_sales_count.sql
2026-02-13 20:27:48 | INFO | P05 | ====================================
2026-02-13 20:27:48 | INFO | P05 | sale_count
2026-02-13 20:27:48 | INFO | P05 | 5
2026-02-13 20:27:48 | INFO | P05 | 
2026-02-13 20:27:48 | INFO | P05 | RUN SQL query: C:\Users\jayst\Repos\datafun-05-sql\sql\sqlite\case_retail_query_sales_aggregate.sql
2026-02-13 20:27:48 | INFO | P05 | ====================================
2026-02-13 20:27:48 | INFO | P05 | case_retail_query_sales_aggregate.sql
2026-02-13 20:27:48 | INFO | P05 | ====================================
2026-02-13 20:27:48 | INFO | P05 | sale_count, total_revenue, avg_sale_amount
2026-02-13 20:27:48 | INFO | P05 | 5, 505.0, 101.0
2026-02-13 20:27:48 | INFO | P05 | 
2026-02-13 20:27:48 | INFO | P05 | RUN SQL query: C:\Users\jayst\Repos\datafun-05-sql\sql\sqlite\case_retail_query_sales_by_category.sql
2026-02-13 20:27:48 | INFO | P05 | ====================================
2026-02-13 20:27:48 | INFO | P05 | case_retail_query_sales_by_category.sql
2026-02-13 20:27:48 | INFO | P05 | ====================================
2026-02-13 20:27:48 | INFO | P05 | product_category, sale_count, total_revenue, avg_sale_amount
2026-02-13 20:27:48 | INFO | P05 | Outdoors, 1, 250.0, 250.0
2026-02-13 20:27:48 | INFO | P05 | Clothing, 2, 180.0, 90.0
2026-02-13 20:27:48 | INFO | P05 | Food, 2, 75.0, 37.5
2026-02-13 20:27:48 | INFO | P05 | 
2026-02-13 20:27:48 | INFO | P05 | RUN SQL query: C:\Users\jayst\Repos\datafun-05-sql\sql\sqlite\case_retail_query_kpi_revenue.sql
2026-02-13 20:27:48 | INFO | P05 | ====================================
2026-02-13 20:27:48 | INFO | P05 | case_retail_query_kpi_revenue.sql
2026-02-13 20:27:48 | INFO | P05 | ====================================
2026-02-13 20:27:48 | INFO | P05 | store_id, store_name, city, region, sale_count, total_revenue, avg_sale_amount
2026-02-13 20:27:48 | INFO | P05 | S002, Lakeside Shop, Ely, North, 2, 280.0, 140.0
2026-02-13 20:27:48 | INFO | P05 | S001, North Market, Duluth, North, 2, 165.0, 82.5
2026-02-13 20:27:48 | INFO | P05 | S003, Central Plaza, Mankato, South, 1, 60.0, 60.0
2026-02-13 20:27:48 | INFO | P05 | END main()
2026-02-13 21:08:15 | INFO | P05 | === RUN START ===
2026-02-13 21:08:15 | INFO | P05 | project=P05 Pipeline Example (DuckDB)
2026-02-13 21:08:15 | INFO | P05 | repo_dir=datafun-05-sql
2026-02-13 21:08:15 | INFO | P05 | python=3.14.2
2026-02-13 21:08:15 | INFO | P05 | os=Windows 11
2026-02-13 21:08:15 | INFO | P05 | shell=powershell
2026-02-13 21:08:15 | INFO | P05 | cwd=.
2026-02-13 21:08:15 | INFO | P05 | github_actions=False
2026-02-13 21:08:15 | INFO | P05 | START main()
2026-02-13 21:08:15 | INFO | P05 | ROOT_DIR: C:\Users\jayst\Repos\datafun-05-sql
2026-02-13 21:08:15 | INFO | P05 | DATA_DIR: C:\Users\jayst\Repos\datafun-05-sql\data\retail
2026-02-13 21:08:15 | INFO | P05 | SQL_DIR: C:\Users\jayst\Repos\datafun-05-sql\sql\duckdb
2026-02-13 21:08:15 | INFO | P05 | DB_PATH: C:\Users\jayst\Repos\datafun-05-sql\artifacts\duckdb\retail.duckdb
2026-02-13 21:08:15 | INFO | P05 | RUN SQL script: C:\Users\jayst\Repos\datafun-05-sql\sql\duckdb\case_retail_clean.sql
2026-02-13 21:08:15 | INFO | P05 | DONE SQL script: C:\Users\jayst\Repos\datafun-05-sql\sql\duckdb\case_retail_clean.sql
2026-02-13 21:08:15 | INFO | P05 | RUN SQL script: C:\Users\jayst\Repos\datafun-05-sql\sql\duckdb\case_retail_bootstrap.sql
2026-02-13 21:08:15 | INFO | P05 | DONE SQL script: C:\Users\jayst\Repos\datafun-05-sql\sql\duckdb\case_retail_bootstrap.sql
2026-02-13 21:08:15 | INFO | P05 | 
2026-02-13 21:08:15 | INFO | P05 | RUN SQL query: C:\Users\jayst\Repos\datafun-05-sql\sql\duckdb\case_retail_query_store_count.sql
2026-02-13 21:08:15 | INFO | P05 | ====================================
2026-02-13 21:08:15 | INFO | P05 | case_retail_query_store_count.sql
2026-02-13 21:08:15 | INFO | P05 | ====================================
2026-02-13 21:08:15 | INFO | P05 | store_count
2026-02-13 21:08:15 | INFO | P05 | 3
2026-02-13 21:08:15 | INFO | P05 | 
2026-02-13 21:08:15 | INFO | P05 | RUN SQL query: C:\Users\jayst\Repos\datafun-05-sql\sql\duckdb\case_retail_query_sales_count.sql
2026-02-13 21:08:15 | INFO | P05 | ====================================
2026-02-13 21:08:15 | INFO | P05 | case_retail_query_sales_count.sql
2026-02-13 21:08:15 | INFO | P05 | ====================================
2026-02-13 21:08:15 | INFO | P05 | sale_count
2026-02-13 21:08:15 | INFO | P05 | 5
2026-02-13 21:08:15 | INFO | P05 | 
2026-02-13 21:08:15 | INFO | P05 | RUN SQL query: C:\Users\jayst\Repos\datafun-05-sql\sql\duckdb\case_retail_query_sales_aggregate.sql
2026-02-13 21:08:15 | INFO | P05 | ====================================
2026-02-13 21:08:15 | INFO | P05 | case_retail_query_sales_aggregate.sql
2026-02-13 21:08:15 | INFO | P05 | ====================================
2026-02-13 21:08:15 | INFO | P05 | sale_count, total_revenue, avg_sale_amount
2026-02-13 21:08:15 | INFO | P05 | 5, 505.0, 101.0
2026-02-13 21:08:15 | INFO | P05 | 
2026-02-13 21:08:15 | INFO | P05 | RUN SQL query: C:\Users\jayst\Repos\datafun-05-sql\sql\duckdb\case_retail_query_sales_by_category.sql
2026-02-13 21:08:15 | INFO | P05 | ====================================
2026-02-13 21:08:15 | INFO | P05 | case_retail_query_sales_by_category.sql
2026-02-13 21:08:15 | INFO | P05 | ====================================
2026-02-13 21:08:15 | INFO | P05 | product_category, sale_count, total_revenue, avg_sale_amount
2026-02-13 21:08:15 | INFO | P05 | Outdoors, 1, 250.0, 250.0
2026-02-13 21:08:15 | INFO | P05 | Clothing, 2, 180.0, 90.0
2026-02-13 21:08:15 | INFO | P05 | Food, 2, 75.0, 37.5
2026-02-13 21:08:15 | INFO | P05 | 
2026-02-13 21:08:15 | INFO | P05 | RUN SQL query: C:\Users\jayst\Repos\datafun-05-sql\sql\duckdb\case_retail_query_kpi_revenue.sql
2026-02-13 21:08:15 | INFO | P05 | ====================================
2026-02-13 21:08:15 | INFO | P05 | case_retail_query_kpi_revenue.sql
2026-02-13 21:08:15 | INFO | P05 | ====================================
2026-02-13 21:08:15 | INFO | P05 | store_id, store_name, city, region, sale_count, total_revenue, avg_sale_amount
2026-02-13 21:08:15 | INFO | P05 | S002, Lakeside Shop, Ely, North, 2, 280.0, 140.0
2026-02-13 21:08:15 | INFO | P05 | S001, North Market, Duluth, North, 2, 165.0, 82.5
2026-02-13 21:08:15 | INFO | P05 | S003, Central Plaza, Mankato, South, 1, 60.0, 60.0
2026-02-13 21:08:15 | INFO | P05 | END main()
2026-02-13 23:39:46 | INFO | P05 | === RUN START ===
2026-02-13 23:39:46 | INFO | P05 | project=P05 Pipeline Example (DuckDB)
2026-02-13 23:39:46 | INFO | P05 | repo_dir=datafun-05-sql
2026-02-13 23:39:46 | INFO | P05 | python=3.14.2
2026-02-13 23:39:46 | INFO | P05 | os=Windows 11
2026-02-13 23:39:46 | INFO | P05 | shell=powershell
2026-02-13 23:39:46 | INFO | P05 | cwd=.
2026-02-13 23:39:46 | INFO | P05 | github_actions=False
2026-02-13 23:39:46 | INFO | P05 | START main()
2026-02-13 23:39:46 | INFO | P05 | ROOT_DIR: C:\Users\jayst\Repos\datafun-05-sql
2026-02-13 23:39:46 | INFO | P05 | DATA_DIR: C:\Users\jayst\Repos\datafun-05-sql\data\retail
2026-02-13 23:39:46 | INFO | P05 | SQL_DIR: C:\Users\jayst\Repos\datafun-05-sql\sql\duckdb
2026-02-13 23:39:46 | INFO | P05 | DB_PATH: C:\Users\jayst\Repos\datafun-05-sql\artifacts\duckdb\retail.duckdb
2026-02-13 23:39:46 | INFO | P05 | RUN SQL script: C:\Users\jayst\Repos\datafun-05-sql\sql\duckdb\jaystin_shelter_schema.sql
2026-02-13 23:39:47 | INFO | P05 | DONE SQL script: C:\Users\jayst\Repos\datafun-05-sql\sql\duckdb\jaystin_shelter_schema.sql
2026-02-13 23:39:47 | INFO | P05 | RUN SQL script: C:\Users\jayst\Repos\datafun-05-sql\sql\duckdb\jaystin_shelter_data.sql
2026-02-13 23:39:47 | INFO | P05 | DONE SQL script: C:\Users\jayst\Repos\datafun-05-sql\sql\duckdb\jaystin_shelter_data.sql
2026-02-13 23:39:47 | INFO | P05 | 
2026-02-13 23:39:47 | INFO | P05 | RUN SQL query: C:\Users\jayst\Repos\datafun-05-sql\sql\duckdb\jaystin_shelter_query_total_fees.sql
2026-02-13 23:39:47 | INFO | P05 | ====================================
2026-02-13 23:39:47 | INFO | P05 | jaystin_shelter_query_total_fees.sql
2026-02-13 23:39:47 | INFO | P05 | ====================================
2026-02-13 23:39:47 | INFO | P05 | total_fees_collected
2026-02-13 23:39:47 | INFO | P05 | 405.0
2026-02-13 23:39:47 | INFO | P05 | 
2026-02-13 23:39:47 | INFO | P05 | RUN SQL query: C:\Users\jayst\Repos\datafun-05-sql\sql\duckdb\jaystin_shelter_query_average_fee.sql
2026-02-13 23:39:47 | INFO | P05 | ====================================
2026-02-13 23:39:47 | INFO | P05 | jaystin_shelter_query_average_fee.sql
2026-02-13 23:39:47 | INFO | P05 | ====================================
2026-02-13 23:39:47 | INFO | P05 | average_adoption_fee
2026-02-13 23:39:47 | INFO | P05 | 81.0
2026-02-13 23:39:47 | INFO | P05 | 
2026-02-13 23:39:47 | INFO | P05 | RUN SQL query: C:\Users\jayst\Repos\datafun-05-sql\sql\duckdb\jaystin_shelter_query_fees_by_animal.sql
2026-02-13 23:39:47 | INFO | P05 | ====================================
2026-02-13 23:39:47 | INFO | P05 | jaystin_shelter_query_fees_by_animal.sql
2026-02-13 23:39:47 | INFO | P05 | ====================================
2026-02-13 23:39:47 | INFO | P05 | animal_type, average_fee
2026-02-13 23:39:47 | INFO | P05 | Dog, 90.0
2026-02-13 23:39:47 | INFO | P05 | Cat, 67.5
2026-02-13 23:39:47 | INFO | P05 | 
2026-02-13 23:39:47 | INFO | P05 | RUN SQL query: C:\Users\jayst\Repos\datafun-05-sql\sql\duckdb\jaystin_shelter_query_adoption_count.sql
2026-02-13 23:39:47 | INFO | P05 | ====================================
2026-02-13 23:39:47 | INFO | P05 | jaystin_shelter_query_adoption_count.sql
2026-02-13 23:39:47 | INFO | P05 | ====================================
2026-02-13 23:39:47 | INFO | P05 | total_records
2026-02-13 23:39:47 | INFO | P05 | 5
2026-02-13 23:39:47 | INFO | P05 | 
2026-02-13 23:39:47 | INFO | P05 | RUN SQL query: C:\Users\jayst\Repos\datafun-05-sql\sql\duckdb\jaystin_shelter_query_outcomes.sql
2026-02-13 23:39:47 | INFO | P05 | ====================================
2026-02-13 23:39:47 | INFO | P05 | jaystin_shelter_query_outcomes.sql
2026-02-13 23:39:47 | INFO | P05 | ====================================
2026-02-13 23:39:47 | INFO | P05 | outcome, outcome_count
2026-02-13 23:39:47 | INFO | P05 | Adoption, 4
2026-02-13 23:39:47 | INFO | P05 | Foster, 1
2026-02-13 23:39:47 | INFO | P05 | 
2026-02-13 23:39:47 | INFO | P05 | RUN SQL query: C:\Users\jayst\Repos\datafun-05-sql\sql\duckdb\jaystin_shelter_query_adoptions_by_animal.sql
2026-02-13 23:39:47 | INFO | P05 | ====================================
2026-02-13 23:39:47 | INFO | P05 | jaystin_shelter_query_adoptions_by_animal.sql
2026-02-13 23:39:47 | INFO | P05 | ====================================
2026-02-13 23:39:47 | INFO | P05 | animal_type, adoption_count
2026-02-13 23:39:47 | INFO | P05 | Dog, 3
2026-02-13 23:39:47 | INFO | P05 | Cat, 2
2026-02-13 23:39:47 | INFO | P05 | 
2026-02-13 23:39:47 | INFO | P05 | RUN SQL query: C:\Users\jayst\Repos\datafun-05-sql\sql\duckdb\jaystin_shelter_query_adoptions_by_outcome.sql
2026-02-13 23:41:44 | INFO | P05 | === RUN START ===
2026-02-13 23:41:44 | INFO | P05 | project=P05 Pipeline Example (DuckDB)
2026-02-13 23:41:44 | INFO | P05 | repo_dir=datafun-05-sql
2026-02-13 23:41:44 | INFO | P05 | python=3.14.2
2026-02-13 23:41:44 | INFO | P05 | os=Windows 11
2026-02-13 23:41:44 | INFO | P05 | shell=powershell
2026-02-13 23:41:44 | INFO | P05 | cwd=.
2026-02-13 23:41:44 | INFO | P05 | github_actions=False
2026-02-13 23:41:44 | INFO | P05 | START main()
2026-02-13 23:41:44 | INFO | P05 | ROOT_DIR: C:\Users\jayst\Repos\datafun-05-sql
2026-02-13 23:41:44 | INFO | P05 | DATA_DIR: C:\Users\jayst\Repos\datafun-05-sql\data\shelter
2026-02-13 23:41:44 | INFO | P05 | SQL_DIR: C:\Users\jayst\Repos\datafun-05-sql\sql\duckdb
2026-02-13 23:41:44 | INFO | P05 | DB_PATH: C:\Users\jayst\Repos\datafun-05-sql\artifacts\duckdb\shelter.duckdb
2026-02-13 23:41:44 | INFO | P05 | RUN SQL script: C:\Users\jayst\Repos\datafun-05-sql\sql\duckdb\jaystin_shelter_schema.sql
2026-02-13 23:41:44 | INFO | P05 | DONE SQL script: C:\Users\jayst\Repos\datafun-05-sql\sql\duckdb\jaystin_shelter_schema.sql
2026-02-13 23:41:44 | INFO | P05 | RUN SQL script: C:\Users\jayst\Repos\datafun-05-sql\sql\duckdb\jaystin_shelter_data.sql
2026-02-13 23:41:44 | INFO | P05 | DONE SQL script: C:\Users\jayst\Repos\datafun-05-sql\sql\duckdb\jaystin_shelter_data.sql
2026-02-13 23:41:44 | INFO | P05 | 
2026-02-13 23:41:44 | INFO | P05 | RUN SQL query: C:\Users\jayst\Repos\datafun-05-sql\sql\duckdb\jaystin_shelter_query_total_fees.sql
2026-02-13 23:41:44 | INFO | P05 | ====================================
2026-02-13 23:41:44 | INFO | P05 | jaystin_shelter_query_total_fees.sql
2026-02-13 23:41:44 | INFO | P05 | ====================================
2026-02-13 23:41:44 | INFO | P05 | total_fees_collected
2026-02-13 23:41:44 | INFO | P05 | 405.0
2026-02-13 23:41:44 | INFO | P05 | 
2026-02-13 23:41:44 | INFO | P05 | RUN SQL query: C:\Users\jayst\Repos\datafun-05-sql\sql\duckdb\jaystin_shelter_query_average_fee.sql
2026-02-13 23:41:44 | INFO | P05 | ====================================
2026-02-13 23:41:44 | INFO | P05 | jaystin_shelter_query_average_fee.sql
2026-02-13 23:41:44 | INFO | P05 | ====================================
2026-02-13 23:41:44 | INFO | P05 | average_adoption_fee
2026-02-13 23:41:44 | INFO | P05 | 81.0
2026-02-13 23:41:44 | INFO | P05 | 
2026-02-13 23:41:44 | INFO | P05 | RUN SQL query: C:\Users\jayst\Repos\datafun-05-sql\sql\duckdb\jaystin_shelter_query_fees_by_animal.sql
2026-02-13 23:41:44 | INFO | P05 | ====================================
2026-02-13 23:41:44 | INFO | P05 | jaystin_shelter_query_fees_by_animal.sql
2026-02-13 23:41:44 | INFO | P05 | ====================================
2026-02-13 23:41:44 | INFO | P05 | animal_type, average_fee
2026-02-13 23:41:44 | INFO | P05 | Dog, 90.0
2026-02-13 23:41:44 | INFO | P05 | Cat, 67.5
2026-02-13 23:41:44 | INFO | P05 | 
2026-02-13 23:41:44 | INFO | P05 | RUN SQL query: C:\Users\jayst\Repos\datafun-05-sql\sql\duckdb\jaystin_shelter_query_adoption_count.sql
2026-02-13 23:41:44 | INFO | P05 | ====================================
2026-02-13 23:41:44 | INFO | P05 | jaystin_shelter_query_adoption_count.sql
2026-02-13 23:41:44 | INFO | P05 | ====================================
2026-02-13 23:41:44 | INFO | P05 | total_records
2026-02-13 23:41:44 | INFO | P05 | 5
2026-02-13 23:41:44 | INFO | P05 | 
2026-02-13 23:41:44 | INFO | P05 | RUN SQL query: C:\Users\jayst\Repos\datafun-05-sql\sql\duckdb\jaystin_shelter_query_outcomes.sql
2026-02-13 23:41:44 | INFO | P05 | ====================================
2026-02-13 23:41:44 | INFO | P05 | jaystin_shelter_query_outcomes.sql
2026-02-13 23:41:44 | INFO | P05 | ====================================
2026-02-13 23:41:44 | INFO | P05 | outcome, outcome_count
2026-02-13 23:41:44 | INFO | P05 | Adoption, 4
2026-02-13 23:41:44 | INFO | P05 | Foster, 1
2026-02-13 23:41:44 | INFO | P05 | 
2026-02-13 23:41:44 | INFO | P05 | RUN SQL query: C:\Users\jayst\Repos\datafun-05-sql\sql\duckdb\jaystin_shelter_query_adoptions_by_animal.sql
2026-02-13 23:41:44 | INFO | P05 | ====================================
2026-02-13 23:41:44 | INFO | P05 | jaystin_shelter_query_adoptions_by_animal.sql
2026-02-13 23:41:44 | INFO | P05 | ====================================
2026-02-13 23:41:44 | INFO | P05 | animal_type, adoption_count
2026-02-13 23:41:44 | INFO | P05 | Dog, 3
2026-02-13 23:41:44 | INFO | P05 | Cat, 2
2026-02-13 23:41:44 | INFO | P05 | 
2026-02-13 23:41:44 | INFO | P05 | RUN SQL query: C:\Users\jayst\Repos\datafun-05-sql\sql\duckdb\jaystin_shelter_query_adoptions_by_outcome.sql
2026-02-13 23:43:36 | INFO | P05 | === RUN START ===
2026-02-13 23:43:36 | INFO | P05 | project=Jaystin Shelter Pipeline (DuckDB)
2026-02-13 23:43:36 | INFO | P05 | repo_dir=datafun-05-sql
2026-02-13 23:43:36 | INFO | P05 | python=3.14.2
2026-02-13 23:43:36 | INFO | P05 | os=Windows 11
2026-02-13 23:43:36 | INFO | P05 | shell=powershell
2026-02-13 23:43:36 | INFO | P05 | cwd=.
2026-02-13 23:43:36 | INFO | P05 | github_actions=False
2026-02-13 23:43:36 | INFO | P05 | START main()
2026-02-13 23:43:36 | INFO | P05 | ROOT_DIR: C:\Users\jayst\Repos\datafun-05-sql
2026-02-13 23:43:36 | INFO | P05 | DATA_DIR: C:\Users\jayst\Repos\datafun-05-sql\data\shelter
2026-02-13 23:43:36 | INFO | P05 | SQL_DIR: C:\Users\jayst\Repos\datafun-05-sql\sql\duckdb
2026-02-13 23:43:36 | INFO | P05 | DB_PATH: C:\Users\jayst\Repos\datafun-05-sql\artifacts\duckdb\shelter.duckdb
2026-02-13 23:43:36 | INFO | P05 | RUN SQL script: C:\Users\jayst\Repos\datafun-05-sql\sql\duckdb\jaystin_shelter_schema.sql
2026-02-13 23:43:36 | INFO | P05 | DONE SQL script: C:\Users\jayst\Repos\datafun-05-sql\sql\duckdb\jaystin_shelter_schema.sql
2026-02-13 23:43:36 | INFO | P05 | RUN SQL script: C:\Users\jayst\Repos\datafun-05-sql\sql\duckdb\jaystin_shelter_data.sql
2026-02-13 23:43:36 | INFO | P05 | DONE SQL script: C:\Users\jayst\Repos\datafun-05-sql\sql\duckdb\jaystin_shelter_data.sql
2026-02-13 23:43:36 | INFO | P05 | 
2026-02-13 23:43:36 | INFO | P05 | RUN SQL query: C:\Users\jayst\Repos\datafun-05-sql\sql\duckdb\jaystin_shelter_query_total_records.sql
2026-02-15 14:43:02 | INFO | P05 | === RUN START ===
2026-02-15 14:43:02 | INFO | P05 | project=Jaystin Shelter Pipeline (DuckDB)
2026-02-15 14:43:02 | INFO | P05 | repo_dir=datafun-05-sql
2026-02-15 14:43:02 | INFO | P05 | python=3.14.2
2026-02-15 14:43:03 | INFO | P05 | os=Windows 11
2026-02-15 14:43:03 | INFO | P05 | shell=powershell
2026-02-15 14:43:03 | INFO | P05 | cwd=.
2026-02-15 14:43:03 | INFO | P05 | github_actions=False
2026-02-15 14:43:03 | INFO | P05 | START main()
2026-02-15 14:43:03 | INFO | P05 | ROOT_DIR: C:\Users\jayst\Repos\datafun-05-sql
2026-02-15 14:43:03 | INFO | P05 | DATA_DIR: C:\Users\jayst\Repos\datafun-05-sql\data\shelter
2026-02-15 14:43:03 | INFO | P05 | SQL_DIR: C:\Users\jayst\Repos\datafun-05-sql\sql\duckdb
2026-02-15 14:43:03 | INFO | P05 | DB_PATH: C:\Users\jayst\Repos\datafun-05-sql\artifacts\duckdb\shelter.duckdb
2026-02-15 14:43:03 | INFO | P05 | RUN SQL script: C:\Users\jayst\Repos\datafun-05-sql\sql\duckdb\jaystin_shelter_schema.sql
2026-02-15 14:43:03 | INFO | P05 | DONE SQL script: C:\Users\jayst\Repos\datafun-05-sql\sql\duckdb\jaystin_shelter_schema.sql
2026-02-15 14:43:03 | INFO | P05 | RUN SQL script: C:\Users\jayst\Repos\datafun-05-sql\sql\duckdb\jaystin_shelter_data.sql
2026-02-15 14:43:03 | INFO | P05 | DONE SQL script: C:\Users\jayst\Repos\datafun-05-sql\sql\duckdb\jaystin_shelter_data.sql
2026-02-15 14:43:03 | INFO | P05 | 
2026-02-15 14:43:03 | INFO | P05 | RUN SQL query: C:\Users\jayst\Repos\datafun-05-sql\sql\duckdb\jaystin_shelter_query_total_records.sql
2026-02-15 19:07:18 | INFO | P05 | === RUN START ===
2026-02-15 19:07:18 | INFO | P05 | project=Jaystin Shelter Pipeline (DuckDB)
2026-02-15 19:07:18 | INFO | P05 | repo_dir=datafun-05-sql
2026-02-15 19:07:18 | INFO | P05 | python=3.14.2
2026-02-15 19:07:18 | INFO | P05 | os=Windows 11
2026-02-15 19:07:18 | INFO | P05 | shell=powershell
2026-02-15 19:07:18 | INFO | P05 | cwd=.
2026-02-15 19:07:18 | INFO | P05 | github_actions=False
2026-02-15 19:07:18 | INFO | P05 | START main()
2026-02-15 19:07:18 | INFO | P05 | ROOT_DIR: C:\Users\jayst\Repos\datafun-05-sql
2026-02-15 19:07:18 | INFO | P05 | DATA_DIR: C:\Users\jayst\Repos\datafun-05-sql\data\shelter
2026-02-15 19:07:18 | INFO | P05 | SQL_DIR: C:\Users\jayst\Repos\datafun-05-sql\sql\duckdb
2026-02-15 19:07:18 | INFO | P05 | DB_PATH: C:\Users\jayst\Repos\datafun-05-sql\artifacts\duckdb\shelter.duckdb
2026-02-15 19:07:18 | INFO | P05 | RUN SQL script: C:\Users\jayst\Repos\datafun-05-sql\sql\duckdb\jaystin_shelter_schema.sql
2026-02-15 19:07:18 | INFO | P05 | DONE SQL script: C:\Users\jayst\Repos\datafun-05-sql\sql\duckdb\jaystin_shelter_schema.sql
2026-02-15 19:07:18 | INFO | P05 | RUN SQL script: C:\Users\jayst\Repos\datafun-05-sql\sql\duckdb\jaystin_shelter_data.sql
2026-02-15 19:07:18 | INFO | P05 | DONE SQL script: C:\Users\jayst\Repos\datafun-05-sql\sql\duckdb\jaystin_shelter_data.sql
2026-02-15 19:07:18 | INFO | P05 | 
2026-02-15 19:07:18 | INFO | P05 | RUN SQL query: C:\Users\jayst\Repos\datafun-05-sql\sql\duckdb\jaystin_shelter_query_total_records.sql
2026-02-15 19:07:18 | INFO | P05 | ====================================
2026-02-15 19:07:18 | INFO | P05 | jaystin_shelter_query_total_records.sql
2026-02-15 19:07:18 | INFO | P05 | ====================================
2026-02-15 19:07:18 | INFO | P05 | total_records
2026-02-15 19:07:18 | INFO | P05 | 5
2026-02-15 19:07:18 | INFO | P05 | 
2026-02-15 19:07:18 | INFO | P05 | RUN SQL query: C:\Users\jayst\Repos\datafun-05-sql\sql\duckdb\jaystin_shelter_query_adoptions_by_animal.sql
2026-02-15 19:07:18 | INFO | P05 | ====================================
2026-02-15 19:07:18 | INFO | P05 | jaystin_shelter_query_adoptions_by_animal.sql
2026-02-15 19:07:18 | INFO | P05 | ====================================
2026-02-15 19:07:18 | INFO | P05 | animal_type, adoption_count
2026-02-15 19:07:18 | INFO | P05 | Dog, 3
2026-02-15 19:07:18 | INFO | P05 | Cat, 2
2026-02-15 19:07:18 | INFO | P05 | 
2026-02-15 19:07:18 | INFO | P05 | RUN SQL query: C:\Users\jayst\Repos\datafun-05-sql\sql\duckdb\jaystin_shelter_query_outcome_types.sql
2026-02-15 19:24:44 | INFO | P05 | === RUN START ===
2026-02-15 19:24:44 | INFO | P05 | project=Jaystin Shelter Pipeline (DuckDB)
2026-02-15 19:24:44 | INFO | P05 | repo_dir=datafun-05-sql
2026-02-15 19:24:44 | INFO | P05 | python=3.14.2
2026-02-15 19:24:44 | INFO | P05 | os=Windows 11
2026-02-15 19:24:44 | INFO | P05 | shell=powershell
2026-02-15 19:24:44 | INFO | P05 | cwd=.
2026-02-15 19:24:44 | INFO | P05 | github_actions=False
2026-02-15 19:24:44 | INFO | P05 | START main()
2026-02-15 19:24:44 | INFO | P05 | ROOT_DIR: C:\Users\jayst\Repos\datafun-05-sql
2026-02-15 19:24:44 | INFO | P05 | DATA_DIR: C:\Users\jayst\Repos\datafun-05-sql\data\shelter
2026-02-15 19:24:44 | INFO | P05 | SQL_DIR: C:\Users\jayst\Repos\datafun-05-sql\sql\duckdb
2026-02-15 19:24:44 | INFO | P05 | DB_PATH: C:\Users\jayst\Repos\datafun-05-sql\artifacts\duckdb\shelter.duckdb
2026-02-15 19:24:44 | INFO | P05 | RUN SQL script: C:\Users\jayst\Repos\datafun-05-sql\sql\duckdb\jaystin_shelter_schema.sql
2026-02-15 19:24:44 | INFO | P05 | DONE SQL script: C:\Users\jayst\Repos\datafun-05-sql\sql\duckdb\jaystin_shelter_schema.sql
2026-02-15 19:24:44 | INFO | P05 | RUN SQL script: C:\Users\jayst\Repos\datafun-05-sql\sql\duckdb\jaystin_shelter_data.sql
2026-02-15 19:24:44 | INFO | P05 | DONE SQL script: C:\Users\jayst\Repos\datafun-05-sql\sql\duckdb\jaystin_shelter_data.sql
2026-02-15 19:24:44 | INFO | P05 | 
2026-02-15 19:24:44 | INFO | P05 | RUN SQL query: C:\Users\jayst\Repos\datafun-05-sql\sql\duckdb\jaystin_shelter_query_total_records.sql
2026-02-15 19:24:44 | INFO | P05 | ====================================
2026-02-15 19:24:44 | INFO | P05 | jaystin_shelter_query_total_records.sql
2026-02-15 19:24:44 | INFO | P05 | ====================================
2026-02-15 19:24:44 | INFO | P05 | total_records
2026-02-15 19:24:44 | INFO | P05 | 5
2026-02-15 19:24:44 | INFO | P05 | 
2026-02-15 19:24:44 | INFO | P05 | RUN SQL query: C:\Users\jayst\Repos\datafun-05-sql\sql\duckdb\jaystin_shelter_query_adoptions_by_animal.sql
2026-02-15 19:24:44 | INFO | P05 | ====================================
2026-02-15 19:24:44 | INFO | P05 | jaystin_shelter_query_adoptions_by_animal.sql
2026-02-15 19:24:44 | INFO | P05 | ====================================
2026-02-15 19:24:44 | INFO | P05 | animal_type, adoption_count
2026-02-15 19:24:44 | INFO | P05 | Dog, 3
2026-02-15 19:24:44 | INFO | P05 | Cat, 2
2026-02-15 19:24:44 | INFO | P05 | 
2026-02-15 19:24:44 | INFO | P05 | RUN SQL query: C:\Users\jayst\Repos\datafun-05-sql\sql\duckdb\jaystin_shelter_query_outcomes.sql
2026-02-15 19:24:44 | INFO | P05 | ====================================
2026-02-15 19:24:44 | INFO | P05 | jaystin_shelter_query_outcomes.sql
2026-02-15 19:24:44 | INFO | P05 | ====================================
2026-02-15 19:24:44 | INFO | P05 | outcome, outcome_count
2026-02-15 19:24:44 | INFO | P05 | Adoption, 4
2026-02-15 19:24:44 | INFO | P05 | Foster, 1
2026-02-15 19:24:44 | INFO | P05 | 
2026-02-15 19:24:44 | INFO | P05 | RUN SQL query: C:\Users\jayst\Repos\datafun-05-sql\sql\duckdb\jaystin_shelter_query_total_fees.sql
2026-02-15 19:24:44 | INFO | P05 | ====================================
2026-02-15 19:24:44 | INFO | P05 | jaystin_shelter_query_total_fees.sql
2026-02-15 19:24:44 | INFO | P05 | ====================================
2026-02-15 19:24:44 | INFO | P05 | total_fees_collected
2026-02-15 19:24:44 | INFO | P05 | 405.0
2026-02-15 19:24:44 | INFO | P05 | 
2026-02-15 19:24:44 | INFO | P05 | RUN SQL query: C:\Users\jayst\Repos\datafun-05-sql\sql\duckdb\jaystin_shelter_query_adopt_date.sql
2026-02-15 19:24:44 | INFO | P05 | ====================================
2026-02-15 19:24:44 | INFO | P05 | jaystin_shelter_query_adopt_date.sql
2026-02-15 19:24:44 | INFO | P05 | ====================================
2026-02-15 19:24:44 | INFO | P05 | adopt_date, adoption_count
2026-02-15 19:24:44 | INFO | P05 | 2026-01-03, 1
2026-02-15 19:24:44 | INFO | P05 | 2026-01-04, 1
2026-02-15 19:24:44 | INFO | P05 | 2026-01-05, 1
2026-02-15 19:24:44 | INFO | P05 | 2026-01-06, 1
2026-02-15 19:24:44 | INFO | P05 | 2026-01-07, 1
2026-02-15 19:24:44 | INFO | P05 | 
2026-02-15 19:24:44 | INFO | P05 | RUN SQL query: C:\Users\jayst\Repos\datafun-05-sql\sql\duckdb\jaystin_shelter_query_average_fee.sql
2026-02-15 19:24:44 | INFO | P05 | ====================================
2026-02-15 19:24:44 | INFO | P05 | jaystin_shelter_query_average_fee.sql
2026-02-15 19:24:44 | INFO | P05 | ====================================
2026-02-15 19:24:44 | INFO | P05 | average_adoption_fee
2026-02-15 19:24:44 | INFO | P05 | 81.0
2026-02-15 19:24:44 | INFO | P05 | 
2026-02-15 19:24:44 | INFO | P05 | RUN SQL query: C:\Users\jayst\Repos\datafun-05-sql\sql\duckdb\jaystin_shelter_query_average_fees_by_animal.sql
2026-02-15 19:25:58 | INFO | P05 | === RUN START ===
2026-02-15 19:25:58 | INFO | P05 | project=Jaystin Shelter Pipeline (DuckDB)
2026-02-15 19:25:58 | INFO | P05 | repo_dir=datafun-05-sql
2026-02-15 19:25:58 | INFO | P05 | python=3.14.2
2026-02-15 19:25:58 | INFO | P05 | os=Windows 11
2026-02-15 19:25:58 | INFO | P05 | shell=powershell
2026-02-15 19:25:58 | INFO | P05 | cwd=.
2026-02-15 19:25:58 | INFO | P05 | github_actions=False
2026-02-15 19:25:58 | INFO | P05 | START main()
2026-02-15 19:25:58 | INFO | P05 | ROOT_DIR: C:\Users\jayst\Repos\datafun-05-sql
2026-02-15 19:25:58 | INFO | P05 | DATA_DIR: C:\Users\jayst\Repos\datafun-05-sql\data\shelter
2026-02-15 19:25:58 | INFO | P05 | SQL_DIR: C:\Users\jayst\Repos\datafun-05-sql\sql\duckdb
2026-02-15 19:25:58 | INFO | P05 | DB_PATH: C:\Users\jayst\Repos\datafun-05-sql\artifacts\duckdb\shelter.duckdb
2026-02-15 19:25:58 | INFO | P05 | RUN SQL script: C:\Users\jayst\Repos\datafun-05-sql\sql\duckdb\jaystin_shelter_schema.sql
2026-02-15 19:25:58 | INFO | P05 | DONE SQL script: C:\Users\jayst\Repos\datafun-05-sql\sql\duckdb\jaystin_shelter_schema.sql
2026-02-15 19:25:58 | INFO | P05 | RUN SQL script: C:\Users\jayst\Repos\datafun-05-sql\sql\duckdb\jaystin_shelter_data.sql
2026-02-15 19:25:58 | INFO | P05 | DONE SQL script: C:\Users\jayst\Repos\datafun-05-sql\sql\duckdb\jaystin_shelter_data.sql
2026-02-15 19:25:58 | INFO | P05 | 
2026-02-15 19:25:58 | INFO | P05 | RUN SQL query: C:\Users\jayst\Repos\datafun-05-sql\sql\duckdb\jaystin_shelter_query_total_records.sql
2026-02-15 19:25:58 | INFO | P05 | ====================================
2026-02-15 19:25:58 | INFO | P05 | jaystin_shelter_query_total_records.sql
2026-02-15 19:25:58 | INFO | P05 | ====================================
2026-02-15 19:25:58 | INFO | P05 | total_records
2026-02-15 19:25:58 | INFO | P05 | 5
2026-02-15 19:25:58 | INFO | P05 | 
2026-02-15 19:25:58 | INFO | P05 | RUN SQL query: C:\Users\jayst\Repos\datafun-05-sql\sql\duckdb\jaystin_shelter_query_adoptions_by_animal.sql
2026-02-15 19:25:58 | INFO | P05 | ====================================
2026-02-15 19:25:58 | INFO | P05 | jaystin_shelter_query_adoptions_by_animal.sql
2026-02-15 19:25:58 | INFO | P05 | ====================================
2026-02-15 19:25:58 | INFO | P05 | animal_type, adoption_count
2026-02-15 19:25:58 | INFO | P05 | Dog, 3
2026-02-15 19:25:58 | INFO | P05 | Cat, 2
2026-02-15 19:25:58 | INFO | P05 | 
2026-02-15 19:25:58 | INFO | P05 | RUN SQL query: C:\Users\jayst\Repos\datafun-05-sql\sql\duckdb\jaystin_shelter_query_outcomes.sql
2026-02-15 19:25:58 | INFO | P05 | ====================================
2026-02-15 19:25:58 | INFO | P05 | jaystin_shelter_query_outcomes.sql
2026-02-15 19:25:58 | INFO | P05 | ====================================
2026-02-15 19:25:58 | INFO | P05 | outcome, outcome_count
2026-02-15 19:25:58 | INFO | P05 | Adoption, 4
2026-02-15 19:25:58 | INFO | P05 | Foster, 1
2026-02-15 19:25:58 | INFO | P05 | 
2026-02-15 19:25:58 | INFO | P05 | RUN SQL query: C:\Users\jayst\Repos\datafun-05-sql\sql\duckdb\jaystin_shelter_query_total_fees.sql
2026-02-15 19:25:58 | INFO | P05 | ====================================
2026-02-15 19:25:58 | INFO | P05 | jaystin_shelter_query_total_fees.sql
2026-02-15 19:25:58 | INFO | P05 | ====================================
2026-02-15 19:25:58 | INFO | P05 | total_fees_collected
2026-02-15 19:25:58 | INFO | P05 | 405.0
2026-02-15 19:25:58 | INFO | P05 | 
2026-02-15 19:25:58 | INFO | P05 | RUN SQL query: C:\Users\jayst\Repos\datafun-05-sql\sql\duckdb\jaystin_shelter_query_adopt_date.sql
2026-02-15 19:25:58 | INFO | P05 | ====================================
2026-02-15 19:25:58 | INFO | P05 | jaystin_shelter_query_adopt_date.sql
2026-02-15 19:25:58 | INFO | P05 | ====================================
2026-02-15 19:25:58 | INFO | P05 | adopt_date, adoption_count
2026-02-15 19:25:58 | INFO | P05 | 2026-01-03, 1
2026-02-15 19:25:58 | INFO | P05 | 2026-01-04, 1
2026-02-15 19:25:58 | INFO | P05 | 2026-01-05, 1
2026-02-15 19:25:58 | INFO | P05 | 2026-01-06, 1
2026-02-15 19:25:58 | INFO | P05 | 2026-01-07, 1
2026-02-15 19:25:58 | INFO | P05 | 
2026-02-15 19:25:58 | INFO | P05 | RUN SQL query: C:\Users\jayst\Repos\datafun-05-sql\sql\duckdb\jaystin_shelter_query_average_fee.sql
2026-02-15 19:25:58 | INFO | P05 | ====================================
2026-02-15 19:25:58 | INFO | P05 | jaystin_shelter_query_average_fee.sql
2026-02-15 19:25:58 | INFO | P05 | ====================================
2026-02-15 19:25:58 | INFO | P05 | average_adoption_fee
2026-02-15 19:25:58 | INFO | P05 | 81.0
2026-02-15 19:25:58 | INFO | P05 | 
2026-02-15 19:25:58 | INFO | P05 | RUN SQL query: C:\Users\jayst\Repos\datafun-05-sql\sql\duckdb\jaystin_shelter_query_fees_by_animal.sql
2026-02-15 19:25:58 | INFO | P05 | ====================================
2026-02-15 19:25:58 | INFO | P05 | jaystin_shelter_query_fees_by_animal.sql
2026-02-15 19:25:58 | INFO | P05 | ====================================
2026-02-15 19:25:58 | INFO | P05 | animal_type, average_fee
2026-02-15 19:25:58 | INFO | P05 | Dog, 90.0
2026-02-15 19:25:58 | INFO | P05 | Cat, 67.5
2026-02-15 19:25:58 | INFO | P05 | END main()
